[0.000000] (-) TimerEvent: {}
[0.000303] (lab1_pkg) JobQueued: {'identifier': 'lab1_pkg', 'dependencies': OrderedDict()}
[0.000328] (lab1_pkg) JobStarted: {'identifier': 'lab1_pkg'}
[0.083387] (lab1_pkg) JobProgress: {'identifier': 'lab1_pkg', 'progress': 'cmake'}
[0.083810] (lab1_pkg) JobProgress: {'identifier': 'lab1_pkg', 'progress': 'build'}
[0.084261] (lab1_pkg) Command: {'cmd': ['/usr/bin/cmake', '--build', '/home/angli/lab1_ws/build/lab1_pkg', '--', '-j16', '-l16'], 'cwd': '/home/angli/lab1_ws/build/lab1_pkg', 'env': OrderedDict([('LESSOPEN', '| /usr/bin/lesspipe %s'), ('LANGUAGE', 'en_US:en'), ('USER', 'angli'), ('LC_TIME', 'zh_CN.UTF-8'), ('SSH_AGENT_PID', '1965'), ('XDG_SESSION_TYPE', 'x11'), ('SHLVL', '1'), ('LD_LIBRARY_PATH', '/opt/ros/foxy/opt/yaml_cpp_vendor/lib:/opt/ros/foxy/opt/rviz_ogre_vendor/lib:/opt/ros/foxy/lib/x86_64-linux-gnu:/opt/ros/foxy/lib:/home/angli/.mujoco/mujoco210/bin:/usr/lib/nvidia'), ('HOME', '/home/angli'), ('OLDPWD', '/home/angli'), ('DESKTOP_SESSION', 'ubuntu'), ('ROS_PYTHON_VERSION', '3'), ('GNOME_SHELL_SESSION_MODE', 'ubuntu'), ('GTK_MODULES', 'gail:atk-bridge'), ('LC_MONETARY', 'zh_CN.UTF-8'), ('MANAGERPID', '1759'), ('DBUS_SESSION_BUS_ADDRESS', 'unix:path=/run/user/1000/bus'), ('COLORTERM', 'truecolor'), ('TERMINATOR_DBUS_NAME', 'net.tenshu.Terminator21a9d5db22c73a993ff0b42f64b396873'), ('GIO_LAUNCHED_DESKTOP_FILE_PID', '10506'), ('IM_CONFIG_PHASE', '1'), ('COLCON_PREFIX_PATH', '/home/angli/lab1_ws/install'), ('ROS_DISTRO', 'foxy'), ('LOGNAME', 'angli'), ('JOURNAL_STREAM', '8:31495'), ('_', '/usr/bin/colcon'), ('ROS_VERSION', '2'), ('XDG_SESSION_CLASS', 'user'), ('USERNAME', 'angli'), ('TERM', 'xterm-256color'), ('GNOME_DESKTOP_SESSION_ID', 'this-is-deprecated'), ('ROS_LOCALHOST_ONLY', '0'), ('WINDOWPATH', '2'), ('PATH', '/opt/ros/foxy/bin:/home/angli/.mujoco/mujoco210/bin:/usr/lib/nvidia:/home/angli/.local/bin:/usr/local/sbin:/usr/local/bin:/usr/sbin:/usr/bin:/sbin:/bin:/usr/games:/usr/local/games:/snap/bin'), ('SESSION_MANAGER', 'local/WP:@/tmp/.ICE-unix/2067,unix/WP:/tmp/.ICE-unix/2067'), ('INVOCATION_ID', 'f21ce751ee7d44f4be95c0cd5e9fa132'), ('PAPERSIZE', 'a4'), ('XDG_MENU_PREFIX', 'gnome-'), ('LC_ADDRESS', 'zh_CN.UTF-8'), ('XDG_RUNTIME_DIR', '/run/user/1000'), ('DISPLAY', ':0'), ('TERMINATOR_DBUS_PATH', '/net/tenshu/Terminator2'), ('LD_PRELOAD', '/usr/lib/x86_64-linux-gnu/libGLEW.so'), ('LANG', 'en_US.UTF-8'), ('XDG_CURRENT_DESKTOP', 'ubuntu:GNOME'), ('LC_TELEPHONE', 'zh_CN.UTF-8'), ('XMODIFIERS', '@im=ibus'), ('XDG_SESSION_DESKTOP', 'ubuntu'), ('XAUTHORITY', '/run/user/1000/gdm/Xauthority'), ('LS_COLORS', 'rs=0:di=01;34:ln=01;36:mh=00:pi=40;33:so=01;35:do=01;35:bd=40;33;01:cd=40;33;01:or=40;31;01:mi=00:su=37;41:sg=30;43:ca=30;41:tw=30;42:ow=34;42:st=37;44:ex=01;32:*.tar=01;31:*.tgz=01;31:*.arc=01;31:*.arj=01;31:*.taz=01;31:*.lha=01;31:*.lz4=01;31:*.lzh=01;31:*.lzma=01;31:*.tlz=01;31:*.txz=01;31:*.tzo=01;31:*.t7z=01;31:*.zip=01;31:*.z=01;31:*.dz=01;31:*.gz=01;31:*.lrz=01;31:*.lz=01;31:*.lzo=01;31:*.xz=01;31:*.zst=01;31:*.tzst=01;31:*.bz2=01;31:*.bz=01;31:*.tbz=01;31:*.tbz2=01;31:*.tz=01;31:*.deb=01;31:*.rpm=01;31:*.jar=01;31:*.war=01;31:*.ear=01;31:*.sar=01;31:*.rar=01;31:*.alz=01;31:*.ace=01;31:*.zoo=01;31:*.cpio=01;31:*.7z=01;31:*.rz=01;31:*.cab=01;31:*.wim=01;31:*.swm=01;31:*.dwm=01;31:*.esd=01;31:*.jpg=01;35:*.jpeg=01;35:*.mjpg=01;35:*.mjpeg=01;35:*.gif=01;35:*.bmp=01;35:*.pbm=01;35:*.pgm=01;35:*.ppm=01;35:*.tga=01;35:*.xbm=01;35:*.xpm=01;35:*.tif=01;35:*.tiff=01;35:*.png=01;35:*.svg=01;35:*.svgz=01;35:*.mng=01;35:*.pcx=01;35:*.mov=01;35:*.mpg=01;35:*.mpeg=01;35:*.m2v=01;35:*.mkv=01;35:*.webm=01;35:*.ogm=01;35:*.mp4=01;35:*.m4v=01;35:*.mp4v=01;35:*.vob=01;35:*.qt=01;35:*.nuv=01;35:*.wmv=01;35:*.asf=01;35:*.rm=01;35:*.rmvb=01;35:*.flc=01;35:*.avi=01;35:*.fli=01;35:*.flv=01;35:*.gl=01;35:*.dl=01;35:*.xcf=01;35:*.xwd=01;35:*.yuv=01;35:*.cgm=01;35:*.emf=01;35:*.ogv=01;35:*.ogx=01;35:*.aac=00;36:*.au=00;36:*.flac=00;36:*.m4a=00;36:*.mid=00;36:*.midi=00;36:*.mka=00;36:*.mp3=00;36:*.mpc=00;36:*.ogg=00;36:*.ra=00;36:*.wav=00;36:*.oga=00;36:*.opus=00;36:*.spx=00;36:*.xspf=00;36:'), ('SSH_AUTH_SOCK', '/run/user/1000/keyring/ssh'), ('AMENT_PREFIX_PATH', '/home/angli/lab1_ws/install/lab1_pkg:/opt/ros/foxy'), ('SHELL', '/bin/bash'), ('LC_NAME', 'zh_CN.UTF-8'), ('TERMINATOR_UUID', 'urn:uuid:c5bc86cb-0c04-41b9-b6e0-b0cf770a2f1f'), ('QT_ACCESSIBILITY', '1'), ('GDMSESSION', 'ubuntu'), ('LESSCLOSE', '/usr/bin/lesspipe %s %s'), ('LC_MEASUREMENT', 'zh_CN.UTF-8'), ('GPG_AGENT_INFO', '/run/user/1000/gnupg/S.gpg-agent:0:1'), ('LC_IDENTIFICATION', 'zh_CN.UTF-8'), ('QT_IM_MODULE', 'ibus'), ('PWD', '/home/angli/lab1_ws/build/lab1_pkg'), ('LC_ALL', 'zh_CN.UTF-8'), ('XDG_CONFIG_DIRS', '/etc/xdg/xdg-ubuntu:/etc/xdg'), ('XDG_DATA_DIRS', '/usr/share/ubuntu:/usr/local/share/:/usr/share/:/var/lib/snapd/desktop'), ('PYTHONPATH', '/home/angli/lab1_ws/install/lab1_pkg/lib/python3.8/site-packages:/opt/ros/foxy/lib/python3.8/site-packages'), ('LC_NUMERIC', 'zh_CN.UTF-8'), ('LC_PAPER', 'zh_CN.UTF-8'), ('COLCON', '1'), ('VTE_VERSION', '6003'), ('CMAKE_PREFIX_PATH', '/home/angli/lab1_ws/install/lab1_pkg:/opt/ros/foxy')]), 'shell': False}
[0.099712] (-) TimerEvent: {}
[0.102814] (lab1_pkg) StdoutLine: {'line': b'-- Found ament_cmake: 0.9.12 (/opt/ros/foxy/share/ament_cmake/cmake)\n'}
[0.116414] (lab1_pkg) StdoutLine: {'line': b'-- Using PYTHON_EXECUTABLE: /usr/bin/python3\n'}
[0.199795] (-) TimerEvent: {}
[0.215005] (lab1_pkg) StdoutLine: {'line': b'-- Found rclcpp: 2.4.3 (/opt/ros/foxy/share/rclcpp/cmake)\n'}
[0.234814] (lab1_pkg) StdoutLine: {'line': b'-- Using all available rosidl_typesupport_c: rosidl_typesupport_fastrtps_c;rosidl_typesupport_introspection_c\n'}
[0.236724] (lab1_pkg) StdoutLine: {'line': b'-- Found rosidl_adapter: 1.3.1 (/opt/ros/foxy/share/rosidl_adapter/cmake)\n'}
[0.299893] (-) TimerEvent: {}
[0.319396] (lab1_pkg) StdoutLine: {'line': b'-- Using all available rosidl_typesupport_cpp: rosidl_typesupport_fastrtps_cpp;rosidl_typesupport_introspection_cpp\n'}
[0.346906] (lab1_pkg) StdoutLine: {'line': b'-- Found rmw_implementation_cmake: 1.0.4 (/opt/ros/foxy/share/rmw_implementation_cmake/cmake)\n'}
[0.347730] (lab1_pkg) StdoutLine: {'line': b"-- Using RMW implementation 'rmw_fastrtps_cpp' as default\n"}
[0.399989] (-) TimerEvent: {}
[0.429712] (lab1_pkg) StdoutLine: {'line': b'-- Found rclpy: 1.0.13 (/opt/ros/foxy/share/rclpy/cmake)\n'}
[0.430534] (lab1_pkg) StdoutLine: {'line': b'-- Found ackermann_msgs: 2.0.2 (/opt/ros/foxy/share/ackermann_msgs/cmake)\n'}
[0.450534] (lab1_pkg) StdoutLine: {'line': b'-- Found ament_lint_auto: 0.9.8 (/opt/ros/foxy/share/ament_lint_auto/cmake)\n'}
[0.487720] (lab1_pkg) StdoutLine: {'line': b"-- Added test 'copyright' to check source files copyright and LICENSE\n"}
[0.488215] (lab1_pkg) StdoutLine: {'line': b"-- Added test 'cppcheck' to perform static code analysis on C / C++ code\n"}
[0.488448] (lab1_pkg) StdoutLine: {'line': b'-- Configured cppcheck include dirs: /home/angli/lab1_ws/src/lab1_pkg/include\n'}
[0.488525] (lab1_pkg) StdoutLine: {'line': b'-- Configured cppcheck exclude dirs and/or files: \n'}
[0.488632] (lab1_pkg) StdoutLine: {'line': b"-- Added test 'cpplint' to check C / C++ code against the Google style\n"}
[0.488701] (lab1_pkg) StdoutLine: {'line': b'-- Configured cpplint exclude dirs and/or files: \n'}
[0.488825] (lab1_pkg) StdoutLine: {'line': b"-- Added test 'flake8' to check Python code syntax and style conventions\n"}
[0.489071] (lab1_pkg) StdoutLine: {'line': b"-- Added test 'lint_cmake' to check CMake code style\n"}
[0.489327] (lab1_pkg) StdoutLine: {'line': b"-- Added test 'pep257' to check Python code against some of the style conventions in PEP 257\n"}
[0.489541] (lab1_pkg) StdoutLine: {'line': b"-- Added test 'uncrustify' to check C / C++ code style\n"}
[0.489640] (lab1_pkg) StdoutLine: {'line': b'-- Configured uncrustify additional arguments: \n'}
[0.489751] (lab1_pkg) StdoutLine: {'line': b"-- Added test 'xmllint' to check XML markup files\n"}
[0.490863] (lab1_pkg) StdoutLine: {'line': b'-- Configuring done\n'}
[0.494347] (lab1_pkg) StdoutLine: {'line': b'-- Generating done\n'}
[0.495044] (lab1_pkg) StdoutLine: {'line': b'-- Build files have been written to: /home/angli/lab1_ws/build/lab1_pkg\n'}
[0.500105] (-) TimerEvent: {}
[0.515075] (lab1_pkg) StdoutLine: {'line': b'\x1b[35m\x1b[1mScanning dependencies of target cpp_executable\x1b[0m\n'}
[0.532459] (lab1_pkg) StdoutLine: {'line': b'[ 50%] \x1b[32mBuilding CXX object CMakeFiles/cpp_executable.dir/src/talker.cpp.o\x1b[0m\n'}
[0.600233] (-) TimerEvent: {}
[0.700522] (-) TimerEvent: {}
[0.800901] (-) TimerEvent: {}
[0.901372] (-) TimerEvent: {}
[1.001658] (-) TimerEvent: {}
[1.102002] (-) TimerEvent: {}
[1.174269] (lab1_pkg) StderrLine: {'line': b'\x1b[01m\x1b[K/home/angli/lab1_ws/src/lab1_pkg/src/talker.cpp:\x1b[m\x1b[K In member function \xe2\x80\x98\x1b[01m\x1b[Kvoid Talker::timer_callback()\x1b[m\x1b[K\xe2\x80\x99:\n'}
[1.174438] (lab1_pkg) StderrLine: {'line': b'\x1b[01m\x1b[K/home/angli/lab1_ws/src/lab1_pkg/src/talker.cpp:41:40:\x1b[m\x1b[K \x1b[01;31m\x1b[Kerror: \x1b[m\x1b[K\xe2\x80\x98\x1b[01m\x1b[Kclass rclcpp::Parameter\x1b[m\x1b[K\xe2\x80\x99 has no member named \xe2\x80\x98\x1b[01m\x1b[Kas_float\x1b[m\x1b[K\xe2\x80\x99\n'}
[1.174477] (lab1_pkg) StderrLine: {'line': b'   41 |     float v = this->get_parameter("v").\x1b[01;31m\x1b[Kas_float\x1b[m\x1b[K();\n'}
[1.174507] (lab1_pkg) StderrLine: {'line': b'      |                                        \x1b[01;31m\x1b[K^~~~~~~~\x1b[m\x1b[K\n'}
[1.174534] (lab1_pkg) StderrLine: {'line': b'\x1b[01m\x1b[K/home/angli/lab1_ws/src/lab1_pkg/src/talker.cpp:42:40:\x1b[m\x1b[K \x1b[01;31m\x1b[Kerror: \x1b[m\x1b[K\xe2\x80\x98\x1b[01m\x1b[Kclass rclcpp::Parameter\x1b[m\x1b[K\xe2\x80\x99 has no member named \xe2\x80\x98\x1b[01m\x1b[Kas_float\x1b[m\x1b[K\xe2\x80\x99\n'}
[1.174561] (lab1_pkg) StderrLine: {'line': b'   42 |     float d = this->get_parameter("d").\x1b[01;31m\x1b[Kas_float\x1b[m\x1b[K();\n'}
[1.174587] (lab1_pkg) StderrLine: {'line': b'      |                                        \x1b[01;31m\x1b[K^~~~~~~~\x1b[m\x1b[K\n'}
[1.202233] (-) TimerEvent: {}
[1.302600] (-) TimerEvent: {}
[1.402973] (-) TimerEvent: {}
[1.503312] (-) TimerEvent: {}
[1.603671] (-) TimerEvent: {}
[1.661408] (lab1_pkg) StderrLine: {'line': b'make[2]: *** [CMakeFiles/cpp_executable.dir/build.make:63: CMakeFiles/cpp_executable.dir/src/talker.cpp.o] Error 1\n'}
[1.661709] (lab1_pkg) StderrLine: {'line': b'make[1]: *** [CMakeFiles/Makefile2:78: CMakeFiles/cpp_executable.dir/all] Error 2\n'}
[1.661844] (lab1_pkg) StderrLine: {'line': b'make: *** [Makefile:141: all] Error 2\n'}
[1.663297] (lab1_pkg) CommandEnded: {'returncode': 2}
[1.703766] (-) TimerEvent: {}
[1.796449] (lab1_pkg) JobEnded: {'identifier': 'lab1_pkg', 'rc': 2}
[1.803848] (-) TimerEvent: {}
[1.806992] (-) EventReactorShutdown: {}
