[0.087s] Invoking command in '/home/angli/lab1_ws/build/lab1_pkg': CMAKE_PREFIX_PATH=${CMAKE_PREFIX_PATH}:/opt/ros/foxy /usr/bin/cmake --build /home/angli/lab1_ws/build/lab1_pkg -- -j16 -l16
[0.116s] [35m[1mScanning dependencies of target cpp_executable[0m
[0.133s] [ 50%] [32mBuilding CXX object CMakeFiles/cpp_executable.dir/src/talker.cpp.o[0m
[1.811s] [100%] [32m[1mLinking CXX executable cpp_executable[0m
[1.895s] /usr/bin/ld: CMakeFiles/cpp_executable.dir/src/talker.cpp.o: in function `rclcpp::Publisher<ackermann_msgs::msg::AckermannDriveStamped_<std::allocator<void> >, std::allocator<void> >::Publisher(rclcpp::node_interfaces::NodeBaseInterface*, std::__cxx11::basic_string<char, std::char_traits<char>, std::allocator<char> > const&, rclcpp::QoS const&, rclcpp::PublisherOptionsWithAllocator<std::allocator<void> > const&)':
[1.895s] talker.cpp:(.text._ZN6rclcpp9PublisherIN14ackermann_msgs3msg22AckermannDriveStamped_ISaIvEEES4_EC2EPNS_15node_interfaces17NodeBaseInterfaceERKNSt7__cxx1112basic_stringIcSt11char_traitsIcESaIcEEERKNS_3QoSERKNS_29PublisherOptionsWithAllocatorIS4_EE[_ZN6rclcpp9PublisherIN14ackermann_msgs3msg22AckermannDriveStamped_ISaIvEEES4_EC5EPNS_15node_interfaces17NodeBaseInterfaceERKNSt7__cxx1112basic_stringIcSt11char_traitsIcESaIcEEERKNS_3QoSERKNS_29PublisherOptionsWithAllocatorIS4_EE]+0x6e): undefined reference to `rosidl_message_type_support_t const* rosidl_typesupport_cpp::get_message_type_support_handle<ackermann_msgs::msg::AckermannDriveStamped_<std::allocator<void> > >()'
[1.896s] collect2: error: ld returned 1 exit status
[1.897s] make[2]: *** [CMakeFiles/cpp_executable.dir/build.make:131: cpp_executable] Error 1
[1.897s] make[1]: *** [CMakeFiles/Makefile2:78: CMakeFiles/cpp_executable.dir/all] Error 2
[1.897s] make: *** [Makefile:141: all] Error 2
[1.900s] Invoked command in '/home/angli/lab1_ws/build/lab1_pkg' returned '2': CMAKE_PREFIX_PATH=${CMAKE_PREFIX_PATH}:/opt/ros/foxy /usr/bin/cmake --build /home/angli/lab1_ws/build/lab1_pkg -- -j16 -l16
